Determining if the include file winsock2.h exists failed with the following output:
Change Dir: /home/emadbinabid/Documents/Research/RCSS/rcssserver3D/SimSpark/spark/build/CMakeFiles/CMakeTmp

Run Build Command:"/usr/bin/make" "cmTC_19caa/fast"
/usr/bin/make -f CMakeFiles/cmTC_19caa.dir/build.make CMakeFiles/cmTC_19caa.dir/build
make[1]: Entering directory '/home/emadbinabid/Documents/Research/RCSS/rcssserver3D/SimSpark/spark/build/CMakeFiles/CMakeTmp'
Building C object CMakeFiles/cmTC_19caa.dir/CheckIncludeFile.c.o
/usr/bin/cc    -o CMakeFiles/cmTC_19caa.dir/CheckIncludeFile.c.o   -c /home/emadbinabid/Documents/Research/RCSS/rcssserver3D/SimSpark/spark/build/CMakeFiles/CMakeTmp/CheckIncludeFile.c
/home/emadbinabid/Documents/Research/RCSS/rcssserver3D/SimSpark/spark/build/CMakeFiles/CMakeTmp/CheckIncludeFile.c:1:10: fatal error: winsock2.h: No such file or directory
 #include <winsock2.h>
          ^~~~~~~~~~~~
compilation terminated.
CMakeFiles/cmTC_19caa.dir/build.make:65: recipe for target 'CMakeFiles/cmTC_19caa.dir/CheckIncludeFile.c.o' failed
make[1]: *** [CMakeFiles/cmTC_19caa.dir/CheckIncludeFile.c.o] Error 1
make[1]: Leaving directory '/home/emadbinabid/Documents/Research/RCSS/rcssserver3D/SimSpark/spark/build/CMakeFiles/CMakeTmp'
Makefile:126: recipe for target 'cmTC_19caa/fast' failed
make: *** [cmTC_19caa/fast] Error 2


Determining if the include file CoreFoundation/CoreFoundation.h exists failed with the following output:
Change Dir: /home/emadbinabid/Documents/Research/RCSS/rcssserver3D/SimSpark/spark/build/CMakeFiles/CMakeTmp

Run Build Command:"/usr/bin/make" "cmTC_8aeff/fast"
/usr/bin/make -f CMakeFiles/cmTC_8aeff.dir/build.make CMakeFiles/cmTC_8aeff.dir/build
make[1]: Entering directory '/home/emadbinabid/Documents/Research/RCSS/rcssserver3D/SimSpark/spark/build/CMakeFiles/CMakeTmp'
Building C object CMakeFiles/cmTC_8aeff.dir/CheckIncludeFile.c.o
/usr/bin/cc    -o CMakeFiles/cmTC_8aeff.dir/CheckIncludeFile.c.o   -c /home/emadbinabid/Documents/Research/RCSS/rcssserver3D/SimSpark/spark/build/CMakeFiles/CMakeTmp/CheckIncludeFile.c
/home/emadbinabid/Documents/Research/RCSS/rcssserver3D/SimSpark/spark/build/CMakeFiles/CMakeTmp/CheckIncludeFile.c:1:10: fatal error: CoreFoundation/CoreFoundation.h: No such file or directory
 #include <CoreFoundation/CoreFoundation.h>
          ^~~~~~~~~~~~~~~~~~~~~~~~~~~~~~~~~
compilation terminated.
CMakeFiles/cmTC_8aeff.dir/build.make:65: recipe for target 'CMakeFiles/cmTC_8aeff.dir/CheckIncludeFile.c.o' failed
make[1]: *** [CMakeFiles/cmTC_8aeff.dir/CheckIncludeFile.c.o] Error 1
make[1]: Leaving directory '/home/emadbinabid/Documents/Research/RCSS/rcssserver3D/SimSpark/spark/build/CMakeFiles/CMakeTmp'
Makefile:126: recipe for target 'cmTC_8aeff/fast' failed
make: *** [cmTC_8aeff/fast] Error 2


Determining if the pthread_create exist failed with the following output:
Change Dir: /home/emadbinabid/Documents/Research/RCSS/rcssserver3D/SimSpark/spark/build/CMakeFiles/CMakeTmp

Run Build Command:"/usr/bin/make" "cmTC_31186/fast"
/usr/bin/make -f CMakeFiles/cmTC_31186.dir/build.make CMakeFiles/cmTC_31186.dir/build
make[1]: Entering directory '/home/emadbinabid/Documents/Research/RCSS/rcssserver3D/SimSpark/spark/build/CMakeFiles/CMakeTmp'
Building C object CMakeFiles/cmTC_31186.dir/CheckSymbolExists.c.o
/usr/bin/cc    -o CMakeFiles/cmTC_31186.dir/CheckSymbolExists.c.o   -c /home/emadbinabid/Documents/Research/RCSS/rcssserver3D/SimSpark/spark/build/CMakeFiles/CMakeTmp/CheckSymbolExists.c
Linking C executable cmTC_31186
/usr/bin/cmake -E cmake_link_script CMakeFiles/cmTC_31186.dir/link.txt --verbose=1
/usr/bin/cc      -rdynamic CMakeFiles/cmTC_31186.dir/CheckSymbolExists.c.o  -o cmTC_31186 
CMakeFiles/cmTC_31186.dir/CheckSymbolExists.c.o: In function `main':
CheckSymbolExists.c:(.text+0x1b): undefined reference to `pthread_create'
collect2: error: ld returned 1 exit status
CMakeFiles/cmTC_31186.dir/build.make:97: recipe for target 'cmTC_31186' failed
make[1]: *** [cmTC_31186] Error 1
make[1]: Leaving directory '/home/emadbinabid/Documents/Research/RCSS/rcssserver3D/SimSpark/spark/build/CMakeFiles/CMakeTmp'
Makefile:126: recipe for target 'cmTC_31186/fast' failed
make: *** [cmTC_31186/fast] Error 2

File /home/emadbinabid/Documents/Research/RCSS/rcssserver3D/SimSpark/spark/build/CMakeFiles/CMakeTmp/CheckSymbolExists.c:
/* */
#include <pthread.h>

int main(int argc, char** argv)
{
  (void)argv;
#ifndef pthread_create
  return ((int*)(&pthread_create))[argc];
#else
  (void)argc;
  return 0;
#endif
}

Determining if the function pthread_create exists in the pthreads failed with the following output:
Change Dir: /home/emadbinabid/Documents/Research/RCSS/rcssserver3D/SimSpark/spark/build/CMakeFiles/CMakeTmp

Run Build Command:"/usr/bin/make" "cmTC_f26eb/fast"
/usr/bin/make -f CMakeFiles/cmTC_f26eb.dir/build.make CMakeFiles/cmTC_f26eb.dir/build
make[1]: Entering directory '/home/emadbinabid/Documents/Research/RCSS/rcssserver3D/SimSpark/spark/build/CMakeFiles/CMakeTmp'
Building C object CMakeFiles/cmTC_f26eb.dir/CheckFunctionExists.c.o
/usr/bin/cc   -DCHECK_FUNCTION_EXISTS=pthread_create   -o CMakeFiles/cmTC_f26eb.dir/CheckFunctionExists.c.o   -c /usr/share/cmake-3.9/Modules/CheckFunctionExists.c
Linking C executable cmTC_f26eb
/usr/bin/cmake -E cmake_link_script CMakeFiles/cmTC_f26eb.dir/link.txt --verbose=1
/usr/bin/cc  -DCHECK_FUNCTION_EXISTS=pthread_create    -rdynamic CMakeFiles/cmTC_f26eb.dir/CheckFunctionExists.c.o  -o cmTC_f26eb -lpthreads 
/usr/bin/ld: cannot find -lpthreads
collect2: error: ld returned 1 exit status
CMakeFiles/cmTC_f26eb.dir/build.make:97: recipe for target 'cmTC_f26eb' failed
make[1]: *** [cmTC_f26eb] Error 1
make[1]: Leaving directory '/home/emadbinabid/Documents/Research/RCSS/rcssserver3D/SimSpark/spark/build/CMakeFiles/CMakeTmp'
Makefile:126: recipe for target 'cmTC_f26eb/fast' failed
make: *** [cmTC_f26eb/fast] Error 2


Determining if the Q_WS_WIN exist failed with the following output:
Change Dir: /home/emadbinabid/Documents/Research/RCSS/rcssserver3D/SimSpark/spark/build/CMakeFiles/CMakeTmp

Run Build Command:"/usr/bin/make" "cmTC_eadd6/fast"
/usr/bin/make -f CMakeFiles/cmTC_eadd6.dir/build.make CMakeFiles/cmTC_eadd6.dir/build
make[1]: Entering directory '/home/emadbinabid/Documents/Research/RCSS/rcssserver3D/SimSpark/spark/build/CMakeFiles/CMakeTmp'
Building CXX object CMakeFiles/cmTC_eadd6.dir/CheckSymbolExists.cxx.o
/usr/bin/c++   -I/usr/include/qt4   -o CMakeFiles/cmTC_eadd6.dir/CheckSymbolExists.cxx.o -c /home/emadbinabid/Documents/Research/RCSS/rcssserver3D/SimSpark/spark/build/CMakeFiles/CMakeTmp/CheckSymbolExists.cxx
/home/emadbinabid/Documents/Research/RCSS/rcssserver3D/SimSpark/spark/build/CMakeFiles/CMakeTmp/CheckSymbolExists.cxx: In function ‘int main(int, char**)’:
/home/emadbinabid/Documents/Research/RCSS/rcssserver3D/SimSpark/spark/build/CMakeFiles/CMakeTmp/CheckSymbolExists.cxx:8:19: error: ‘Q_WS_WIN’ was not declared in this scope
   return ((int*)(&Q_WS_WIN))[argc];
                   ^~~~~~~~
/home/emadbinabid/Documents/Research/RCSS/rcssserver3D/SimSpark/spark/build/CMakeFiles/CMakeTmp/CheckSymbolExists.cxx:8:19: note: suggested alternative: ‘Q_WS_X11’
   return ((int*)(&Q_WS_WIN))[argc];
                   ^~~~~~~~
                   Q_WS_X11
CMakeFiles/cmTC_eadd6.dir/build.make:65: recipe for target 'CMakeFiles/cmTC_eadd6.dir/CheckSymbolExists.cxx.o' failed
make[1]: *** [CMakeFiles/cmTC_eadd6.dir/CheckSymbolExists.cxx.o] Error 1
make[1]: Leaving directory '/home/emadbinabid/Documents/Research/RCSS/rcssserver3D/SimSpark/spark/build/CMakeFiles/CMakeTmp'
Makefile:126: recipe for target 'cmTC_eadd6/fast' failed
make: *** [cmTC_eadd6/fast] Error 2

File /home/emadbinabid/Documents/Research/RCSS/rcssserver3D/SimSpark/spark/build/CMakeFiles/CMakeTmp/CheckSymbolExists.cxx:
/* */
#include <QtCore/qglobal.h>

int main(int argc, char** argv)
{
  (void)argv;
#ifndef Q_WS_WIN
  return ((int*)(&Q_WS_WIN))[argc];
#else
  (void)argc;
  return 0;
#endif
}

Determining if the Q_WS_QWS exist failed with the following output:
Change Dir: /home/emadbinabid/Documents/Research/RCSS/rcssserver3D/SimSpark/spark/build/CMakeFiles/CMakeTmp

Run Build Command:"/usr/bin/make" "cmTC_b9f4d/fast"
/usr/bin/make -f CMakeFiles/cmTC_b9f4d.dir/build.make CMakeFiles/cmTC_b9f4d.dir/build
make[1]: Entering directory '/home/emadbinabid/Documents/Research/RCSS/rcssserver3D/SimSpark/spark/build/CMakeFiles/CMakeTmp'
Building CXX object CMakeFiles/cmTC_b9f4d.dir/CheckSymbolExists.cxx.o
/usr/bin/c++   -I/usr/include/qt4   -o CMakeFiles/cmTC_b9f4d.dir/CheckSymbolExists.cxx.o -c /home/emadbinabid/Documents/Research/RCSS/rcssserver3D/SimSpark/spark/build/CMakeFiles/CMakeTmp/CheckSymbolExists.cxx
/home/emadbinabid/Documents/Research/RCSS/rcssserver3D/SimSpark/spark/build/CMakeFiles/CMakeTmp/CheckSymbolExists.cxx: In function ‘int main(int, char**)’:
/home/emadbinabid/Documents/Research/RCSS/rcssserver3D/SimSpark/spark/build/CMakeFiles/CMakeTmp/CheckSymbolExists.cxx:8:19: error: ‘Q_WS_QWS’ was not declared in this scope
   return ((int*)(&Q_WS_QWS))[argc];
                   ^~~~~~~~
/home/emadbinabid/Documents/Research/RCSS/rcssserver3D/SimSpark/spark/build/CMakeFiles/CMakeTmp/CheckSymbolExists.cxx:8:19: note: suggested alternative: ‘Q_WS_X11’
   return ((int*)(&Q_WS_QWS))[argc];
                   ^~~~~~~~
                   Q_WS_X11
CMakeFiles/cmTC_b9f4d.dir/build.make:65: recipe for target 'CMakeFiles/cmTC_b9f4d.dir/CheckSymbolExists.cxx.o' failed
make[1]: *** [CMakeFiles/cmTC_b9f4d.dir/CheckSymbolExists.cxx.o] Error 1
make[1]: Leaving directory '/home/emadbinabid/Documents/Research/RCSS/rcssserver3D/SimSpark/spark/build/CMakeFiles/CMakeTmp'
Makefile:126: recipe for target 'cmTC_b9f4d/fast' failed
make: *** [cmTC_b9f4d/fast] Error 2

File /home/emadbinabid/Documents/Research/RCSS/rcssserver3D/SimSpark/spark/build/CMakeFiles/CMakeTmp/CheckSymbolExists.cxx:
/* */
#include <QtCore/qglobal.h>

int main(int argc, char** argv)
{
  (void)argv;
#ifndef Q_WS_QWS
  return ((int*)(&Q_WS_QWS))[argc];
#else
  (void)argc;
  return 0;
#endif
}

Determining if the Q_WS_MAC exist failed with the following output:
Change Dir: /home/emadbinabid/Documents/Research/RCSS/rcssserver3D/SimSpark/spark/build/CMakeFiles/CMakeTmp

Run Build Command:"/usr/bin/make" "cmTC_39949/fast"
/usr/bin/make -f CMakeFiles/cmTC_39949.dir/build.make CMakeFiles/cmTC_39949.dir/build
make[1]: Entering directory '/home/emadbinabid/Documents/Research/RCSS/rcssserver3D/SimSpark/spark/build/CMakeFiles/CMakeTmp'
Building CXX object CMakeFiles/cmTC_39949.dir/CheckSymbolExists.cxx.o
/usr/bin/c++   -I/usr/include/qt4   -o CMakeFiles/cmTC_39949.dir/CheckSymbolExists.cxx.o -c /home/emadbinabid/Documents/Research/RCSS/rcssserver3D/SimSpark/spark/build/CMakeFiles/CMakeTmp/CheckSymbolExists.cxx
/home/emadbinabid/Documents/Research/RCSS/rcssserver3D/SimSpark/spark/build/CMakeFiles/CMakeTmp/CheckSymbolExists.cxx: In function ‘int main(int, char**)’:
/home/emadbinabid/Documents/Research/RCSS/rcssserver3D/SimSpark/spark/build/CMakeFiles/CMakeTmp/CheckSymbolExists.cxx:8:19: error: ‘Q_WS_MAC’ was not declared in this scope
   return ((int*)(&Q_WS_MAC))[argc];
                   ^~~~~~~~
/home/emadbinabid/Documents/Research/RCSS/rcssserver3D/SimSpark/spark/build/CMakeFiles/CMakeTmp/CheckSymbolExists.cxx:8:19: note: suggested alternative: ‘Q_WS_X11’
   return ((int*)(&Q_WS_MAC))[argc];
                   ^~~~~~~~
                   Q_WS_X11
CMakeFiles/cmTC_39949.dir/build.make:65: recipe for target 'CMakeFiles/cmTC_39949.dir/CheckSymbolExists.cxx.o' failed
make[1]: *** [CMakeFiles/cmTC_39949.dir/CheckSymbolExists.cxx.o] Error 1
make[1]: Leaving directory '/home/emadbinabid/Documents/Research/RCSS/rcssserver3D/SimSpark/spark/build/CMakeFiles/CMakeTmp'
Makefile:126: recipe for target 'cmTC_39949/fast' failed
make: *** [cmTC_39949/fast] Error 2

File /home/emadbinabid/Documents/Research/RCSS/rcssserver3D/SimSpark/spark/build/CMakeFiles/CMakeTmp/CheckSymbolExists.cxx:
/* */
#include <QtCore/qglobal.h>

int main(int argc, char** argv)
{
  (void)argv;
#ifndef Q_WS_MAC
  return ((int*)(&Q_WS_MAC))[argc];
#else
  (void)argc;
  return 0;
#endif
}

Determining if the function strupr exists failed with the following output:
Change Dir: /home/emadbinabid/Documents/Research/RCSS/rcssserver3D/SimSpark/spark/build/CMakeFiles/CMakeTmp

Run Build Command:"/usr/bin/make" "cmTC_61cfa/fast"
/usr/bin/make -f CMakeFiles/cmTC_61cfa.dir/build.make CMakeFiles/cmTC_61cfa.dir/build
make[1]: Entering directory '/home/emadbinabid/Documents/Research/RCSS/rcssserver3D/SimSpark/spark/build/CMakeFiles/CMakeTmp'
Building C object CMakeFiles/cmTC_61cfa.dir/CheckFunctionExists.c.o
/usr/bin/cc   -DCHECK_FUNCTION_EXISTS=strupr   -o CMakeFiles/cmTC_61cfa.dir/CheckFunctionExists.c.o   -c /usr/share/cmake-3.9/Modules/CheckFunctionExists.c
Linking C executable cmTC_61cfa
/usr/bin/cmake -E cmake_link_script CMakeFiles/cmTC_61cfa.dir/link.txt --verbose=1
/usr/bin/cc  -DCHECK_FUNCTION_EXISTS=strupr    -rdynamic CMakeFiles/cmTC_61cfa.dir/CheckFunctionExists.c.o  -o cmTC_61cfa 
CMakeFiles/cmTC_61cfa.dir/CheckFunctionExists.c.o: In function `main':
CheckFunctionExists.c:(.text+0x10): undefined reference to `strupr'
collect2: error: ld returned 1 exit status
CMakeFiles/cmTC_61cfa.dir/build.make:97: recipe for target 'cmTC_61cfa' failed
make[1]: *** [cmTC_61cfa] Error 1
make[1]: Leaving directory '/home/emadbinabid/Documents/Research/RCSS/rcssserver3D/SimSpark/spark/build/CMakeFiles/CMakeTmp'
Makefile:126: recipe for target 'cmTC_61cfa/fast' failed
make: *** [cmTC_61cfa/fast] Error 2


